Determining if the pthread_create exist failed with the following output:
Change Dir: /home/liyubo/Code/PCL-Tutorials/nefu/cmake-build-debug/CMakeFiles/CMakeTmp

Run Build Command:"/usr/bin/make" "cmTC_4819d/fast"
/usr/bin/make -f CMakeFiles/cmTC_4819d.dir/build.make CMakeFiles/cmTC_4819d.dir/build
make[1]: Entering directory '/home/liyubo/Code/PCL-Tutorials/nefu/cmake-build-debug/CMakeFiles/CMakeTmp'
Building C object CMakeFiles/cmTC_4819d.dir/CheckSymbolExists.c.o
/usr/bin/cc    -o CMakeFiles/cmTC_4819d.dir/CheckSymbolExists.c.o   -c /home/liyubo/Code/PCL-Tutorials/nefu/cmake-build-debug/CMakeFiles/CMakeTmp/CheckSymbolExists.c
Linking C executable cmTC_4819d
/home/liyubo/clion-2017.3.3/bin/cmake/bin/cmake -E cmake_link_script CMakeFiles/cmTC_4819d.dir/link.txt --verbose=1
/usr/bin/cc      -rdynamic CMakeFiles/cmTC_4819d.dir/CheckSymbolExists.c.o  -o cmTC_4819d 
CMakeFiles/cmTC_4819d.dir/CheckSymbolExists.c.o: In function `main':
CheckSymbolExists.c:(.text+0x16): undefined reference to `pthread_create'
collect2: error: ld returned 1 exit status
CMakeFiles/cmTC_4819d.dir/build.make:97: recipe for target 'cmTC_4819d' failed
make[1]: *** [cmTC_4819d] Error 1
make[1]: Leaving directory '/home/liyubo/Code/PCL-Tutorials/nefu/cmake-build-debug/CMakeFiles/CMakeTmp'
Makefile:126: recipe for target 'cmTC_4819d/fast' failed
make: *** [cmTC_4819d/fast] Error 2

File /home/liyubo/Code/PCL-Tutorials/nefu/cmake-build-debug/CMakeFiles/CMakeTmp/CheckSymbolExists.c:
/* */
#include <pthread.h>

int main(int argc, char** argv)
{
  (void)argv;
#ifndef pthread_create
  return ((int*)(&pthread_create))[argc];
#else
  (void)argc;
  return 0;
#endif
}

Determining if the function pthread_create exists in the pthreads failed with the following output:
Change Dir: /home/liyubo/Code/PCL-Tutorials/nefu/cmake-build-debug/CMakeFiles/CMakeTmp

Run Build Command:"/usr/bin/make" "cmTC_0fad8/fast"
/usr/bin/make -f CMakeFiles/cmTC_0fad8.dir/build.make CMakeFiles/cmTC_0fad8.dir/build
make[1]: Entering directory '/home/liyubo/Code/PCL-Tutorials/nefu/cmake-build-debug/CMakeFiles/CMakeTmp'
Building C object CMakeFiles/cmTC_0fad8.dir/CheckFunctionExists.c.o
/usr/bin/cc   -DCHECK_FUNCTION_EXISTS=pthread_create   -o CMakeFiles/cmTC_0fad8.dir/CheckFunctionExists.c.o   -c /home/liyubo/clion-2017.3.3/bin/cmake/share/cmake-3.9/Modules/CheckFunctionExists.c
Linking C executable cmTC_0fad8
/home/liyubo/clion-2017.3.3/bin/cmake/bin/cmake -E cmake_link_script CMakeFiles/cmTC_0fad8.dir/link.txt --verbose=1
/usr/bin/cc  -DCHECK_FUNCTION_EXISTS=pthread_create    -rdynamic CMakeFiles/cmTC_0fad8.dir/CheckFunctionExists.c.o  -o cmTC_0fad8 -lpthreads 
/usr/bin/ld: cannot find -lpthreads
collect2: error: ld returned 1 exit status
CMakeFiles/cmTC_0fad8.dir/build.make:97: recipe for target 'cmTC_0fad8' failed
make[1]: *** [cmTC_0fad8] Error 1
make[1]: Leaving directory '/home/liyubo/Code/PCL-Tutorials/nefu/cmake-build-debug/CMakeFiles/CMakeTmp'
Makefile:126: recipe for target 'cmTC_0fad8/fast' failed
make: *** [cmTC_0fad8/fast] Error 2


