Determining if the pthread_create exist failed with the following output:
Change Dir: /home/liyubo/Code/PCL-Tutorials/13_IPC/1_iterative_closest_point/build/CMakeFiles/CMakeTmp

Run Build Command:"/usr/bin/make" "cmTC_32fbc/fast"
/usr/bin/make -f CMakeFiles/cmTC_32fbc.dir/build.make CMakeFiles/cmTC_32fbc.dir/build
make[1]: Entering directory '/home/liyubo/Code/PCL-Tutorials/13_IPC/1_iterative_closest_point/build/CMakeFiles/CMakeTmp'
Building C object CMakeFiles/cmTC_32fbc.dir/CheckSymbolExists.c.o
/usr/bin/cc     -o CMakeFiles/cmTC_32fbc.dir/CheckSymbolExists.c.o   -c /home/liyubo/Code/PCL-Tutorials/13_IPC/1_iterative_closest_point/build/CMakeFiles/CMakeTmp/CheckSymbolExists.c
Linking C executable cmTC_32fbc
/usr/bin/cmake -E cmake_link_script CMakeFiles/cmTC_32fbc.dir/link.txt --verbose=1
/usr/bin/cc       CMakeFiles/cmTC_32fbc.dir/CheckSymbolExists.c.o  -o cmTC_32fbc -rdynamic 
CMakeFiles/cmTC_32fbc.dir/CheckSymbolExists.c.o: In function `main':
CheckSymbolExists.c:(.text+0x16): undefined reference to `pthread_create'
collect2: error: ld returned 1 exit status
CMakeFiles/cmTC_32fbc.dir/build.make:97: recipe for target 'cmTC_32fbc' failed
make[1]: *** [cmTC_32fbc] Error 1
make[1]: Leaving directory '/home/liyubo/Code/PCL-Tutorials/13_IPC/1_iterative_closest_point/build/CMakeFiles/CMakeTmp'
Makefile:126: recipe for target 'cmTC_32fbc/fast' failed
make: *** [cmTC_32fbc/fast] Error 2

File /home/liyubo/Code/PCL-Tutorials/13_IPC/1_iterative_closest_point/build/CMakeFiles/CMakeTmp/CheckSymbolExists.c:
/* */
#include <pthread.h>

int main(int argc, char** argv)
{
  (void)argv;
#ifndef pthread_create
  return ((int*)(&pthread_create))[argc];
#else
  (void)argc;
  return 0;
#endif
}

Determining if the function pthread_create exists in the pthreads failed with the following output:
Change Dir: /home/liyubo/Code/PCL-Tutorials/13_IPC/1_iterative_closest_point/build/CMakeFiles/CMakeTmp

Run Build Command:"/usr/bin/make" "cmTC_a7eb4/fast"
/usr/bin/make -f CMakeFiles/cmTC_a7eb4.dir/build.make CMakeFiles/cmTC_a7eb4.dir/build
make[1]: Entering directory '/home/liyubo/Code/PCL-Tutorials/13_IPC/1_iterative_closest_point/build/CMakeFiles/CMakeTmp'
Building C object CMakeFiles/cmTC_a7eb4.dir/CheckFunctionExists.c.o
/usr/bin/cc    -DCHECK_FUNCTION_EXISTS=pthread_create   -o CMakeFiles/cmTC_a7eb4.dir/CheckFunctionExists.c.o   -c /usr/share/cmake-3.5/Modules/CheckFunctionExists.c
Linking C executable cmTC_a7eb4
/usr/bin/cmake -E cmake_link_script CMakeFiles/cmTC_a7eb4.dir/link.txt --verbose=1
/usr/bin/cc   -DCHECK_FUNCTION_EXISTS=pthread_create    CMakeFiles/cmTC_a7eb4.dir/CheckFunctionExists.c.o  -o cmTC_a7eb4 -rdynamic -lpthreads 
/usr/bin/ld: cannot find -lpthreads
collect2: error: ld returned 1 exit status
CMakeFiles/cmTC_a7eb4.dir/build.make:97: recipe for target 'cmTC_a7eb4' failed
make[1]: *** [cmTC_a7eb4] Error 1
make[1]: Leaving directory '/home/liyubo/Code/PCL-Tutorials/13_IPC/1_iterative_closest_point/build/CMakeFiles/CMakeTmp'
Makefile:126: recipe for target 'cmTC_a7eb4/fast' failed
make: *** [cmTC_a7eb4/fast] Error 2


