Determining if the pthread_create exist failed with the following output:
Change Dir: /home/liyubo/Code/PCL-Tutorials/15_surface/3_greedy_projection/cmake-build-debug/CMakeFiles/CMakeTmp

Run Build Command:"/usr/bin/make" "cmTC_99b00/fast"
/usr/bin/make -f CMakeFiles/cmTC_99b00.dir/build.make CMakeFiles/cmTC_99b00.dir/build
make[1]: Entering directory '/home/liyubo/Code/PCL-Tutorials/15_surface/3_greedy_projection/cmake-build-debug/CMakeFiles/CMakeTmp'
Building C object CMakeFiles/cmTC_99b00.dir/CheckSymbolExists.c.o
/usr/bin/cc    -o CMakeFiles/cmTC_99b00.dir/CheckSymbolExists.c.o   -c /home/liyubo/Code/PCL-Tutorials/15_surface/3_greedy_projection/cmake-build-debug/CMakeFiles/CMakeTmp/CheckSymbolExists.c
Linking C executable cmTC_99b00
/home/liyubo/clion-2017.3.3/bin/cmake/bin/cmake -E cmake_link_script CMakeFiles/cmTC_99b00.dir/link.txt --verbose=1
/usr/bin/cc      -rdynamic CMakeFiles/cmTC_99b00.dir/CheckSymbolExists.c.o  -o cmTC_99b00 
CMakeFiles/cmTC_99b00.dir/CheckSymbolExists.c.o: In function `main':
CheckSymbolExists.c:(.text+0x16): undefined reference to `pthread_create'
collect2: error: ld returned 1 exit status
CMakeFiles/cmTC_99b00.dir/build.make:97: recipe for target 'cmTC_99b00' failed
make[1]: *** [cmTC_99b00] Error 1
make[1]: Leaving directory '/home/liyubo/Code/PCL-Tutorials/15_surface/3_greedy_projection/cmake-build-debug/CMakeFiles/CMakeTmp'
Makefile:126: recipe for target 'cmTC_99b00/fast' failed
make: *** [cmTC_99b00/fast] Error 2

File /home/liyubo/Code/PCL-Tutorials/15_surface/3_greedy_projection/cmake-build-debug/CMakeFiles/CMakeTmp/CheckSymbolExists.c:
/* */
#include <pthread.h>

int main(int argc, char** argv)
{
  (void)argv;
#ifndef pthread_create
  return ((int*)(&pthread_create))[argc];
#else
  (void)argc;
  return 0;
#endif
}

Determining if the function pthread_create exists in the pthreads failed with the following output:
Change Dir: /home/liyubo/Code/PCL-Tutorials/15_surface/3_greedy_projection/cmake-build-debug/CMakeFiles/CMakeTmp

Run Build Command:"/usr/bin/make" "cmTC_e998b/fast"
/usr/bin/make -f CMakeFiles/cmTC_e998b.dir/build.make CMakeFiles/cmTC_e998b.dir/build
make[1]: Entering directory '/home/liyubo/Code/PCL-Tutorials/15_surface/3_greedy_projection/cmake-build-debug/CMakeFiles/CMakeTmp'
Building C object CMakeFiles/cmTC_e998b.dir/CheckFunctionExists.c.o
/usr/bin/cc   -DCHECK_FUNCTION_EXISTS=pthread_create   -o CMakeFiles/cmTC_e998b.dir/CheckFunctionExists.c.o   -c /home/liyubo/clion-2017.3.3/bin/cmake/share/cmake-3.9/Modules/CheckFunctionExists.c
Linking C executable cmTC_e998b
/home/liyubo/clion-2017.3.3/bin/cmake/bin/cmake -E cmake_link_script CMakeFiles/cmTC_e998b.dir/link.txt --verbose=1
/usr/bin/cc  -DCHECK_FUNCTION_EXISTS=pthread_create    -rdynamic CMakeFiles/cmTC_e998b.dir/CheckFunctionExists.c.o  -o cmTC_e998b -lpthreads 
/usr/bin/ld: cannot find -lpthreads
collect2: error: ld returned 1 exit status
CMakeFiles/cmTC_e998b.dir/build.make:97: recipe for target 'cmTC_e998b' failed
make[1]: *** [cmTC_e998b] Error 1
make[1]: Leaving directory '/home/liyubo/Code/PCL-Tutorials/15_surface/3_greedy_projection/cmake-build-debug/CMakeFiles/CMakeTmp'
Makefile:126: recipe for target 'cmTC_e998b/fast' failed
make: *** [cmTC_e998b/fast] Error 2


