Determining if the pthread_create exist failed with the following output:
Change Dir: /home/liyubo/Code/PCL-Tutorials/14_Segmentation/2_cylinder_segmentation/cmake-build-debug/CMakeFiles/CMakeTmp

Run Build Command:"/usr/bin/make" "cmTC_a851a/fast"
/usr/bin/make -f CMakeFiles/cmTC_a851a.dir/build.make CMakeFiles/cmTC_a851a.dir/build
make[1]: Entering directory '/home/liyubo/Code/PCL-Tutorials/14_Segmentation/2_cylinder_segmentation/cmake-build-debug/CMakeFiles/CMakeTmp'
Building C object CMakeFiles/cmTC_a851a.dir/CheckSymbolExists.c.o
/usr/bin/cc    -o CMakeFiles/cmTC_a851a.dir/CheckSymbolExists.c.o   -c /home/liyubo/Code/PCL-Tutorials/14_Segmentation/2_cylinder_segmentation/cmake-build-debug/CMakeFiles/CMakeTmp/CheckSymbolExists.c
Linking C executable cmTC_a851a
/home/liyubo/clion-2017.3.3/bin/cmake/bin/cmake -E cmake_link_script CMakeFiles/cmTC_a851a.dir/link.txt --verbose=1
/usr/bin/cc      -rdynamic CMakeFiles/cmTC_a851a.dir/CheckSymbolExists.c.o  -o cmTC_a851a 
CMakeFiles/cmTC_a851a.dir/CheckSymbolExists.c.o: In function `main':
CheckSymbolExists.c:(.text+0x16): undefined reference to `pthread_create'
collect2: error: ld returned 1 exit status
CMakeFiles/cmTC_a851a.dir/build.make:97: recipe for target 'cmTC_a851a' failed
make[1]: *** [cmTC_a851a] Error 1
make[1]: Leaving directory '/home/liyubo/Code/PCL-Tutorials/14_Segmentation/2_cylinder_segmentation/cmake-build-debug/CMakeFiles/CMakeTmp'
Makefile:126: recipe for target 'cmTC_a851a/fast' failed
make: *** [cmTC_a851a/fast] Error 2

File /home/liyubo/Code/PCL-Tutorials/14_Segmentation/2_cylinder_segmentation/cmake-build-debug/CMakeFiles/CMakeTmp/CheckSymbolExists.c:
/* */
#include <pthread.h>

int main(int argc, char** argv)
{
  (void)argv;
#ifndef pthread_create
  return ((int*)(&pthread_create))[argc];
#else
  (void)argc;
  return 0;
#endif
}

Determining if the function pthread_create exists in the pthreads failed with the following output:
Change Dir: /home/liyubo/Code/PCL-Tutorials/14_Segmentation/2_cylinder_segmentation/cmake-build-debug/CMakeFiles/CMakeTmp

Run Build Command:"/usr/bin/make" "cmTC_86b3d/fast"
/usr/bin/make -f CMakeFiles/cmTC_86b3d.dir/build.make CMakeFiles/cmTC_86b3d.dir/build
make[1]: Entering directory '/home/liyubo/Code/PCL-Tutorials/14_Segmentation/2_cylinder_segmentation/cmake-build-debug/CMakeFiles/CMakeTmp'
Building C object CMakeFiles/cmTC_86b3d.dir/CheckFunctionExists.c.o
/usr/bin/cc   -DCHECK_FUNCTION_EXISTS=pthread_create   -o CMakeFiles/cmTC_86b3d.dir/CheckFunctionExists.c.o   -c /home/liyubo/clion-2017.3.3/bin/cmake/share/cmake-3.9/Modules/CheckFunctionExists.c
Linking C executable cmTC_86b3d
/home/liyubo/clion-2017.3.3/bin/cmake/bin/cmake -E cmake_link_script CMakeFiles/cmTC_86b3d.dir/link.txt --verbose=1
/usr/bin/cc  -DCHECK_FUNCTION_EXISTS=pthread_create    -rdynamic CMakeFiles/cmTC_86b3d.dir/CheckFunctionExists.c.o  -o cmTC_86b3d -lpthreads 
/usr/bin/ld: cannot find -lpthreads
collect2: error: ld returned 1 exit status
CMakeFiles/cmTC_86b3d.dir/build.make:97: recipe for target 'cmTC_86b3d' failed
make[1]: *** [cmTC_86b3d] Error 1
make[1]: Leaving directory '/home/liyubo/Code/PCL-Tutorials/14_Segmentation/2_cylinder_segmentation/cmake-build-debug/CMakeFiles/CMakeTmp'
Makefile:126: recipe for target 'cmTC_86b3d/fast' failed
make: *** [cmTC_86b3d/fast] Error 2


