Determining if the pthread_create exist failed with the following output:
Change Dir: /home/liyubo/Code/PCL-Tutorials/4_IO/t3/cmake-build-debug/CMakeFiles/CMakeTmp

Run Build Command:"/usr/bin/make" "cmTC_31bd6/fast"
/usr/bin/make -f CMakeFiles/cmTC_31bd6.dir/build.make CMakeFiles/cmTC_31bd6.dir/build
make[1]: Entering directory '/home/liyubo/Code/PCL-Tutorials/4_IO/t3/cmake-build-debug/CMakeFiles/CMakeTmp'
Building C object CMakeFiles/cmTC_31bd6.dir/CheckSymbolExists.c.o
/usr/bin/cc    -o CMakeFiles/cmTC_31bd6.dir/CheckSymbolExists.c.o   -c /home/liyubo/Code/PCL-Tutorials/4_IO/t3/cmake-build-debug/CMakeFiles/CMakeTmp/CheckSymbolExists.c
Linking C executable cmTC_31bd6
/home/liyubo/clion-2017.3.3/bin/cmake/bin/cmake -E cmake_link_script CMakeFiles/cmTC_31bd6.dir/link.txt --verbose=1
/usr/bin/cc      -rdynamic CMakeFiles/cmTC_31bd6.dir/CheckSymbolExists.c.o  -o cmTC_31bd6 
CMakeFiles/cmTC_31bd6.dir/CheckSymbolExists.c.o: In function `main':
CheckSymbolExists.c:(.text+0x16): undefined reference to `pthread_create'
collect2: error: ld returned 1 exit status
CMakeFiles/cmTC_31bd6.dir/build.make:97: recipe for target 'cmTC_31bd6' failed
make[1]: *** [cmTC_31bd6] Error 1
make[1]: Leaving directory '/home/liyubo/Code/PCL-Tutorials/4_IO/t3/cmake-build-debug/CMakeFiles/CMakeTmp'
Makefile:126: recipe for target 'cmTC_31bd6/fast' failed
make: *** [cmTC_31bd6/fast] Error 2

File /home/liyubo/Code/PCL-Tutorials/4_IO/t3/cmake-build-debug/CMakeFiles/CMakeTmp/CheckSymbolExists.c:
/* */
#include <pthread.h>

int main(int argc, char** argv)
{
  (void)argv;
#ifndef pthread_create
  return ((int*)(&pthread_create))[argc];
#else
  (void)argc;
  return 0;
#endif
}

Determining if the function pthread_create exists in the pthreads failed with the following output:
Change Dir: /home/liyubo/Code/PCL-Tutorials/4_IO/t3/cmake-build-debug/CMakeFiles/CMakeTmp

Run Build Command:"/usr/bin/make" "cmTC_005bf/fast"
/usr/bin/make -f CMakeFiles/cmTC_005bf.dir/build.make CMakeFiles/cmTC_005bf.dir/build
make[1]: Entering directory '/home/liyubo/Code/PCL-Tutorials/4_IO/t3/cmake-build-debug/CMakeFiles/CMakeTmp'
Building C object CMakeFiles/cmTC_005bf.dir/CheckFunctionExists.c.o
/usr/bin/cc   -DCHECK_FUNCTION_EXISTS=pthread_create   -o CMakeFiles/cmTC_005bf.dir/CheckFunctionExists.c.o   -c /home/liyubo/clion-2017.3.3/bin/cmake/share/cmake-3.9/Modules/CheckFunctionExists.c
Linking C executable cmTC_005bf
/home/liyubo/clion-2017.3.3/bin/cmake/bin/cmake -E cmake_link_script CMakeFiles/cmTC_005bf.dir/link.txt --verbose=1
/usr/bin/cc  -DCHECK_FUNCTION_EXISTS=pthread_create    -rdynamic CMakeFiles/cmTC_005bf.dir/CheckFunctionExists.c.o  -o cmTC_005bf -lpthreads 
/usr/bin/ld: cannot find -lpthreads
collect2: error: ld returned 1 exit status
CMakeFiles/cmTC_005bf.dir/build.make:97: recipe for target 'cmTC_005bf' failed
make[1]: *** [cmTC_005bf] Error 1
make[1]: Leaving directory '/home/liyubo/Code/PCL-Tutorials/4_IO/t3/cmake-build-debug/CMakeFiles/CMakeTmp'
Makefile:126: recipe for target 'cmTC_005bf/fast' failed
make: *** [cmTC_005bf/fast] Error 2


