Determining if the pthread_create exist failed with the following output:
Change Dir: /home/liyubo/Code/PCL-Tutorials/14_Segmentation/3_cluster_extraction_no/cmake-build-debug/CMakeFiles/CMakeTmp

Run Build Command:"/usr/bin/make" "cmTC_a639d/fast"
/usr/bin/make -f CMakeFiles/cmTC_a639d.dir/build.make CMakeFiles/cmTC_a639d.dir/build
make[1]: Entering directory '/home/liyubo/Code/PCL-Tutorials/14_Segmentation/3_cluster_extraction_no/cmake-build-debug/CMakeFiles/CMakeTmp'
Building C object CMakeFiles/cmTC_a639d.dir/CheckSymbolExists.c.o
/usr/bin/cc     -o CMakeFiles/cmTC_a639d.dir/CheckSymbolExists.c.o   -c /home/liyubo/Code/PCL-Tutorials/14_Segmentation/3_cluster_extraction_no/cmake-build-debug/CMakeFiles/CMakeTmp/CheckSymbolExists.c
Linking C executable cmTC_a639d
/usr/bin/cmake -E cmake_link_script CMakeFiles/cmTC_a639d.dir/link.txt --verbose=1
/usr/bin/cc       CMakeFiles/cmTC_a639d.dir/CheckSymbolExists.c.o  -o cmTC_a639d -rdynamic 
CMakeFiles/cmTC_a639d.dir/CheckSymbolExists.c.o: In function `main':
CheckSymbolExists.c:(.text+0x16): undefined reference to `pthread_create'
collect2: error: ld returned 1 exit status
CMakeFiles/cmTC_a639d.dir/build.make:97: recipe for target 'cmTC_a639d' failed
make[1]: *** [cmTC_a639d] Error 1
make[1]: Leaving directory '/home/liyubo/Code/PCL-Tutorials/14_Segmentation/3_cluster_extraction_no/cmake-build-debug/CMakeFiles/CMakeTmp'
Makefile:126: recipe for target 'cmTC_a639d/fast' failed
make: *** [cmTC_a639d/fast] Error 2

File /home/liyubo/Code/PCL-Tutorials/14_Segmentation/3_cluster_extraction_no/cmake-build-debug/CMakeFiles/CMakeTmp/CheckSymbolExists.c:
/* */
#include <pthread.h>

int main(int argc, char** argv)
{
  (void)argv;
#ifndef pthread_create
  return ((int*)(&pthread_create))[argc];
#else
  (void)argc;
  return 0;
#endif
}

Determining if the function pthread_create exists in the pthreads failed with the following output:
Change Dir: /home/liyubo/Code/PCL-Tutorials/14_Segmentation/3_cluster_extraction_no/cmake-build-debug/CMakeFiles/CMakeTmp

Run Build Command:"/usr/bin/make" "cmTC_ded2e/fast"
/usr/bin/make -f CMakeFiles/cmTC_ded2e.dir/build.make CMakeFiles/cmTC_ded2e.dir/build
make[1]: Entering directory '/home/liyubo/Code/PCL-Tutorials/14_Segmentation/3_cluster_extraction_no/cmake-build-debug/CMakeFiles/CMakeTmp'
Building C object CMakeFiles/cmTC_ded2e.dir/CheckFunctionExists.c.o
/usr/bin/cc    -DCHECK_FUNCTION_EXISTS=pthread_create   -o CMakeFiles/cmTC_ded2e.dir/CheckFunctionExists.c.o   -c /usr/share/cmake-3.5/Modules/CheckFunctionExists.c
Linking C executable cmTC_ded2e
/usr/bin/cmake -E cmake_link_script CMakeFiles/cmTC_ded2e.dir/link.txt --verbose=1
/usr/bin/cc   -DCHECK_FUNCTION_EXISTS=pthread_create    CMakeFiles/cmTC_ded2e.dir/CheckFunctionExists.c.o  -o cmTC_ded2e -rdynamic -lpthreads 
/usr/bin/ld: cannot find -lpthreads
collect2: error: ld returned 1 exit status
CMakeFiles/cmTC_ded2e.dir/build.make:97: recipe for target 'cmTC_ded2e' failed
make[1]: *** [cmTC_ded2e] Error 1
make[1]: Leaving directory '/home/liyubo/Code/PCL-Tutorials/14_Segmentation/3_cluster_extraction_no/cmake-build-debug/CMakeFiles/CMakeTmp'
Makefile:126: recipe for target 'cmTC_ded2e/fast' failed
make: *** [cmTC_ded2e/fast] Error 2


